{"C:\\Users\\SHOPINVERSE\\Desktop\\Projects\\DailyMoodTracker - 1\\daily-mood-backend\\src\\controllers\\auth\\login.ts": {"path":"C:\\Users\\SHOPINVERSE\\Desktop\\Projects\\DailyMoodTracker - 1\\daily-mood-backend\\src\\controllers\\auth\\login.ts","statementMap":{"0":{"start":{"line":1,"column":0},"end":{"line":1,"column":31}},"1":{"start":{"line":3,"column":0},"end":{"line":3,"column":51}},"2":{"start":{"line":4,"column":0},"end":{"line":4,"column":30}},"3":{"start":{"line":6,"column":0},"end":{"line":6,"column":37}},"4":{"start":{"line":7,"column":0},"end":{"line":7,"column":69}},"5":{"start":{"line":9,"column":15},"end":{"line":9,"column":61}},"6":{"start":{"line":11,"column":31},"end":{"line":83,"column":1}},"7":{"start":{"line":12,"column":45},"end":{"line":12,"column":53}},"8":{"start":{"line":14,"column":2},"end":{"line":19,"column":3}},"9":{"start":{"line":15,"column":4},"end":{"line":17,"column":72}},"10":{"start":{"line":18,"column":4},"end":{"line":18,"column":11}},"11":{"start":{"line":21,"column":2},"end":{"line":82,"column":3}},"12":{"start":{"line":22,"column":17},"end":{"line":22,"column":46}},"13":{"start":{"line":24,"column":4},"end":{"line":27,"column":5}},"14":{"start":{"line":25,"column":6},"end":{"line":25,"column":73}},"15":{"start":{"line":26,"column":6},"end":{"line":26,"column":13}},"16":{"start":{"line":29,"column":4},"end":{"line":32,"column":5}},"17":{"start":{"line":30,"column":6},"end":{"line":30,"column":78}},"18":{"start":{"line":31,"column":6},"end":{"line":31,"column":13}},"19":{"start":{"line":34,"column":4},"end":{"line":37,"column":5}},"20":{"start":{"line":35,"column":6},"end":{"line":35,"column":79}},"21":{"start":{"line":36,"column":6},"end":{"line":36,"column":13}},"22":{"start":{"line":39,"column":4},"end":{"line":42,"column":5}},"23":{"start":{"line":40,"column":6},"end":{"line":40,"column":80}},"24":{"start":{"line":41,"column":6},"end":{"line":41,"column":13}},"25":{"start":{"line":44,"column":20},"end":{"line":44,"column":65}},"26":{"start":{"line":46,"column":4},"end":{"line":49,"column":5}},"27":{"start":{"line":47,"column":6},"end":{"line":47,"column":76}},"28":{"start":{"line":48,"column":6},"end":{"line":48,"column":13}},"29":{"start":{"line":51,"column":18},"end":{"line":53,"column":6}},"30":{"start":{"line":55,"column":4},"end":{"line":67,"column":5}},"31":{"start":{"line":56,"column":24},"end":{"line":56,"column":51}},"32":{"start":{"line":58,"column":27},"end":{"line":59,"column":null}},"33":{"start":{"line":62,"column":6},"end":{"line":66,"column":9}},"34":{"start":{"line":69,"column":4},"end":{"line":72,"column":5}},"35":{"start":{"line":70,"column":6},"end":{"line":70,"column":41}},"36":{"start":{"line":71,"column":6},"end":{"line":71,"column":24}},"37":{"start":{"line":74,"column":4},"end":{"line":78,"column":7}},"38":{"start":{"line":80,"column":4},"end":{"line":80,"column":25}},"39":{"start":{"line":81,"column":4},"end":{"line":81,"column":79}},"40":{"start":{"line":11,"column":13},"end":{"line":11,"column":31}},"41":{"start":{"line":85,"column":37},"end":{"line":153,"column":1}},"42":{"start":{"line":86,"column":37},"end":{"line":86,"column":45}},"43":{"start":{"line":88,"column":2},"end":{"line":91,"column":3}},"44":{"start":{"line":89,"column":4},"end":{"line":89,"column":78}},"45":{"start":{"line":90,"column":4},"end":{"line":90,"column":11}},"46":{"start":{"line":93,"column":2},"end":{"line":152,"column":3}},"47":{"start":{"line":94,"column":19},"end":{"line":97,"column":6}},"48":{"start":{"line":99,"column":20},"end":{"line":99,"column":39}},"49":{"start":{"line":100,"column":4},"end":{"line":103,"column":5}},"50":{"start":{"line":101,"column":6},"end":{"line":101,"column":80}},"51":{"start":{"line":102,"column":6},"end":{"line":102,"column":13}},"52":{"start":{"line":105,"column":22},"end":{"line":105,"column":29}},"53":{"start":{"line":107,"column":17},"end":{"line":107,"column":46}},"54":{"start":{"line":109,"column":4},"end":{"line":114,"column":5}},"55":{"start":{"line":110,"column":6},"end":{"line":112,"column":80}},"56":{"start":{"line":113,"column":6},"end":{"line":113,"column":13}},"57":{"start":{"line":116,"column":4},"end":{"line":119,"column":5}},"58":{"start":{"line":117,"column":6},"end":{"line":117,"column":80}},"59":{"start":{"line":118,"column":6},"end":{"line":118,"column":13}},"60":{"start":{"line":121,"column":18},"end":{"line":123,"column":6}},"61":{"start":{"line":125,"column":4},"end":{"line":137,"column":5}},"62":{"start":{"line":126,"column":24},"end":{"line":126,"column":51}},"63":{"start":{"line":128,"column":27},"end":{"line":129,"column":null}},"64":{"start":{"line":132,"column":6},"end":{"line":136,"column":9}},"65":{"start":{"line":139,"column":4},"end":{"line":142,"column":5}},"66":{"start":{"line":140,"column":6},"end":{"line":140,"column":41}},"67":{"start":{"line":141,"column":6},"end":{"line":141,"column":24}},"68":{"start":{"line":144,"column":4},"end":{"line":148,"column":7}},"69":{"start":{"line":150,"column":4},"end":{"line":150,"column":25}},"70":{"start":{"line":151,"column":4},"end":{"line":151,"column":77}},"71":{"start":{"line":85,"column":13},"end":{"line":85,"column":37}}},"fnMap":{"0":{"name":"(anonymous_1)","decl":{"start":{"line":11,"column":31},"end":{"line":11,"column":36}},"loc":{"start":{"line":11,"column":69},"end":{"line":83,"column":1}}},"1":{"name":"(anonymous_2)","decl":{"start":{"line":85,"column":37},"end":{"line":85,"column":42}},"loc":{"start":{"line":85,"column":75},"end":{"line":153,"column":1}}}},"branchMap":{"0":{"loc":{"start":{"line":14,"column":2},"end":{"line":19,"column":3}},"type":"if","locations":[{"start":{"line":14,"column":2},"end":{"line":19,"column":3}}]},"1":{"loc":{"start":{"line":14,"column":6},"end":{"line":14,"column":25}},"type":"binary-expr","locations":[{"start":{"line":14,"column":6},"end":{"line":14,"column":12}},{"start":{"line":14,"column":16},"end":{"line":14,"column":25}}]},"2":{"loc":{"start":{"line":24,"column":4},"end":{"line":27,"column":5}},"type":"if","locations":[{"start":{"line":24,"column":4},"end":{"line":27,"column":5}}]},"3":{"loc":{"start":{"line":29,"column":4},"end":{"line":32,"column":5}},"type":"if","locations":[{"start":{"line":29,"column":4},"end":{"line":32,"column":5}}]},"4":{"loc":{"start":{"line":34,"column":4},"end":{"line":37,"column":5}},"type":"if","locations":[{"start":{"line":34,"column":4},"end":{"line":37,"column":5}}]},"5":{"loc":{"start":{"line":39,"column":4},"end":{"line":42,"column":5}},"type":"if","locations":[{"start":{"line":39,"column":4},"end":{"line":42,"column":5}}]},"6":{"loc":{"start":{"line":46,"column":4},"end":{"line":49,"column":5}},"type":"if","locations":[{"start":{"line":46,"column":4},"end":{"line":49,"column":5}}]},"7":{"loc":{"start":{"line":55,"column":4},"end":{"line":67,"column":5}},"type":"if","locations":[{"start":{"line":55,"column":4},"end":{"line":67,"column":5}}]},"8":{"loc":{"start":{"line":55,"column":8},"end":{"line":55,"column":61}},"type":"binary-expr","locations":[{"start":{"line":55,"column":8},"end":{"line":55,"column":30}},{"start":{"line":55,"column":34},"end":{"line":55,"column":61}}]},"9":{"loc":{"start":{"line":69,"column":4},"end":{"line":72,"column":5}},"type":"if","locations":[{"start":{"line":69,"column":4},"end":{"line":72,"column":5}}]},"10":{"loc":{"start":{"line":69,"column":8},"end":{"line":69,"column":61}},"type":"binary-expr","locations":[{"start":{"line":69,"column":8},"end":{"line":69,"column":21}},{"start":{"line":69,"column":25},"end":{"line":69,"column":61}}]},"11":{"loc":{"start":{"line":88,"column":2},"end":{"line":91,"column":3}},"type":"if","locations":[{"start":{"line":88,"column":2},"end":{"line":91,"column":3}}]},"12":{"loc":{"start":{"line":100,"column":4},"end":{"line":103,"column":5}},"type":"if","locations":[{"start":{"line":100,"column":4},"end":{"line":103,"column":5}}]},"13":{"loc":{"start":{"line":109,"column":4},"end":{"line":114,"column":5}},"type":"if","locations":[{"start":{"line":109,"column":4},"end":{"line":114,"column":5}}]},"14":{"loc":{"start":{"line":116,"column":4},"end":{"line":119,"column":5}},"type":"if","locations":[{"start":{"line":116,"column":4},"end":{"line":119,"column":5}}]},"15":{"loc":{"start":{"line":125,"column":4},"end":{"line":137,"column":5}},"type":"if","locations":[{"start":{"line":125,"column":4},"end":{"line":137,"column":5}}]},"16":{"loc":{"start":{"line":125,"column":8},"end":{"line":125,"column":61}},"type":"binary-expr","locations":[{"start":{"line":125,"column":8},"end":{"line":125,"column":30}},{"start":{"line":125,"column":34},"end":{"line":125,"column":61}}]},"17":{"loc":{"start":{"line":139,"column":4},"end":{"line":142,"column":5}},"type":"if","locations":[{"start":{"line":139,"column":4},"end":{"line":142,"column":5}}]},"18":{"loc":{"start":{"line":139,"column":8},"end":{"line":139,"column":61}},"type":"binary-expr","locations":[{"start":{"line":139,"column":8},"end":{"line":139,"column":21}},{"start":{"line":139,"column":25},"end":{"line":139,"column":61}}]}},"s":{"0":1,"1":1,"2":1,"3":1,"4":1,"5":1,"6":1,"7":0,"8":0,"9":0,"10":0,"11":0,"12":0,"13":0,"14":0,"15":0,"16":0,"17":0,"18":0,"19":0,"20":0,"21":0,"22":0,"23":0,"24":0,"25":0,"26":0,"27":0,"28":0,"29":0,"30":0,"31":0,"32":0,"33":0,"34":0,"35":0,"36":0,"37":0,"38":0,"39":0,"40":1,"41":1,"42":0,"43":0,"44":0,"45":0,"46":0,"47":0,"48":0,"49":0,"50":0,"51":0,"52":0,"53":0,"54":0,"55":0,"56":0,"57":0,"58":0,"59":0,"60":0,"61":0,"62":0,"63":0,"64":0,"65":0,"66":0,"67":0,"68":0,"69":0,"70":0,"71":1},"f":{"0":0,"1":0},"b":{"0":[0],"1":[0,0],"2":[0],"3":[0],"4":[0],"5":[0],"6":[0],"7":[0],"8":[0,0],"9":[0],"10":[0,0],"11":[0],"12":[0],"13":[0],"14":[0],"15":[0],"16":[0,0],"17":[0],"18":[0,0]}}
,"C:\\Users\\SHOPINVERSE\\Desktop\\Projects\\DailyMoodTracker - 1\\daily-mood-backend\\src\\controllers\\auth\\register.ts": {"path":"C:\\Users\\SHOPINVERSE\\Desktop\\Projects\\DailyMoodTracker - 1\\daily-mood-backend\\src\\controllers\\auth\\register.ts","statementMap":{"0":{"start":{"line":1,"column":0},"end":{"line":1,"column":30}},"1":{"start":{"line":4,"column":0},"end":{"line":4,"column":37}},"2":{"start":{"line":5,"column":0},"end":{"line":5,"column":70}},"3":{"start":{"line":6,"column":0},"end":{"line":6,"column":75}},"4":{"start":{"line":7,"column":0},"end":{"line":7,"column":null}},"5":{"start":{"line":12,"column":0},"end":{"line":12,"column":69}},"6":{"start":{"line":13,"column":0},"end":{"line":13,"column":69}},"7":{"start":{"line":15,"column":34},"end":{"line":98,"column":1}},"8":{"start":{"line":19,"column":2},"end":{"line":22,"column":3}},"9":{"start":{"line":20,"column":4},"end":{"line":20,"column":79}},"10":{"start":{"line":21,"column":4},"end":{"line":21,"column":11}},"11":{"start":{"line":24,"column":51},"end":{"line":24,"column":59}},"12":{"start":{"line":26,"column":2},"end":{"line":29,"column":3}},"13":{"start":{"line":27,"column":4},"end":{"line":27,"column":78}},"14":{"start":{"line":28,"column":4},"end":{"line":28,"column":11}},"15":{"start":{"line":31,"column":2},"end":{"line":34,"column":3}},"16":{"start":{"line":32,"column":4},"end":{"line":32,"column":71}},"17":{"start":{"line":33,"column":4},"end":{"line":33,"column":11}},"18":{"start":{"line":36,"column":2},"end":{"line":39,"column":3}},"19":{"start":{"line":37,"column":4},"end":{"line":37,"column":71}},"20":{"start":{"line":38,"column":4},"end":{"line":38,"column":11}},"21":{"start":{"line":41,"column":2},"end":{"line":97,"column":3}},"22":{"start":{"line":42,"column":25},"end":{"line":42,"column":54}},"23":{"start":{"line":44,"column":4},"end":{"line":70,"column":5}},"24":{"start":{"line":45,"column":6},"end":{"line":50,"column":7}},"25":{"start":{"line":46,"column":8},"end":{"line":48,"column":68}},"26":{"start":{"line":49,"column":8},"end":{"line":49,"column":15}},"27":{"start":{"line":53,"column":6},"end":{"line":53,"column":62}},"28":{"start":{"line":54,"column":6},"end":{"line":54,"column":31}},"29":{"start":{"line":55,"column":6},"end":{"line":55,"column":49}},"30":{"start":{"line":56,"column":6},"end":{"line":56,"column":38}},"31":{"start":{"line":57,"column":6},"end":{"line":57,"column":40}},"32":{"start":{"line":58,"column":6},"end":{"line":58,"column":32}},"33":{"start":{"line":61,"column":20},"end":{"line":62,"column":null}},"34":{"start":{"line":64,"column":6},"end":{"line":64,"column":77}},"35":{"start":{"line":66,"column":6},"end":{"line":68,"column":69}},"36":{"start":{"line":69,"column":6},"end":{"line":69,"column":13}},"37":{"start":{"line":73,"column":27},"end":{"line":73,"column":58}},"38":{"start":{"line":75,"column":20},"end":{"line":81,"column":6}},"39":{"start":{"line":83,"column":18},"end":{"line":83,"column":73}},"40":{"start":{"line":84,"column":4},"end":{"line":84,"column":75}},"41":{"start":{"line":85,"column":4},"end":{"line":91,"column":5}},"42":{"start":{"line":86,"column":6},"end":{"line":90,"column":9}},"43":{"start":{"line":93,"column":4},"end":{"line":93,"column":80}},"44":{"start":{"line":95,"column":4},"end":{"line":95,"column":25}},"45":{"start":{"line":96,"column":4},"end":{"line":96,"column":79}},"46":{"start":{"line":15,"column":13},"end":{"line":15,"column":34}},"47":{"start":{"line":100,"column":44},"end":{"line":176,"column":1}},"48":{"start":{"line":104,"column":2},"end":{"line":107,"column":3}},"49":{"start":{"line":105,"column":4},"end":{"line":105,"column":79}},"50":{"start":{"line":106,"column":4},"end":{"line":106,"column":11}},"51":{"start":{"line":109,"column":59},"end":{"line":109,"column":67}},"52":{"start":{"line":111,"column":2},"end":{"line":114,"column":3}},"53":{"start":{"line":112,"column":4},"end":{"line":112,"column":76}},"54":{"start":{"line":113,"column":4},"end":{"line":113,"column":11}},"55":{"start":{"line":115,"column":19},"end":{"line":115,"column":54}},"56":{"start":{"line":117,"column":2},"end":{"line":175,"column":3}},"57":{"start":{"line":118,"column":25},"end":{"line":118,"column":54}},"58":{"start":{"line":120,"column":4},"end":{"line":149,"column":5}},"59":{"start":{"line":121,"column":6},"end":{"line":126,"column":7}},"60":{"start":{"line":122,"column":8},"end":{"line":124,"column":68}},"61":{"start":{"line":125,"column":8},"end":{"line":125,"column":15}},"62":{"start":{"line":128,"column":6},"end":{"line":128,"column":35}},"63":{"start":{"line":129,"column":6},"end":{"line":129,"column":35}},"64":{"start":{"line":130,"column":6},"end":{"line":130,"column":39}},"65":{"start":{"line":131,"column":6},"end":{"line":131,"column":49}},"66":{"start":{"line":132,"column":6},"end":{"line":132,"column":40}},"67":{"start":{"line":133,"column":6},"end":{"line":133,"column":32}},"68":{"start":{"line":136,"column":20},"end":{"line":137,"column":null}},"69":{"start":{"line":139,"column":6},"end":{"line":143,"column":8}},"70":{"start":{"line":145,"column":6},"end":{"line":147,"column":69}},"71":{"start":{"line":148,"column":6},"end":{"line":148,"column":13}},"72":{"start":{"line":151,"column":20},"end":{"line":158,"column":6}},"73":{"start":{"line":160,"column":18},"end":{"line":160,"column":73}},"74":{"start":{"line":161,"column":4},"end":{"line":161,"column":79}},"75":{"start":{"line":163,"column":4},"end":{"line":169,"column":5}},"76":{"start":{"line":164,"column":6},"end":{"line":168,"column":9}},"77":{"start":{"line":171,"column":4},"end":{"line":171,"column":80}},"78":{"start":{"line":173,"column":4},"end":{"line":173,"column":25}},"79":{"start":{"line":174,"column":4},"end":{"line":174,"column":79}},"80":{"start":{"line":100,"column":13},"end":{"line":100,"column":44}}},"fnMap":{"0":{"name":"(anonymous_1)","decl":{"start":{"line":15,"column":34},"end":{"line":15,"column":39}},"loc":{"start":{"line":18,"column":19},"end":{"line":98,"column":1}}},"1":{"name":"(anonymous_2)","decl":{"start":{"line":100,"column":44},"end":{"line":100,"column":49}},"loc":{"start":{"line":103,"column":19},"end":{"line":176,"column":1}}}},"branchMap":{"0":{"loc":{"start":{"line":19,"column":2},"end":{"line":22,"column":3}},"type":"if","locations":[{"start":{"line":19,"column":2},"end":{"line":22,"column":3}}]},"1":{"loc":{"start":{"line":26,"column":2},"end":{"line":29,"column":3}},"type":"if","locations":[{"start":{"line":26,"column":2},"end":{"line":29,"column":3}}]},"2":{"loc":{"start":{"line":26,"column":6},"end":{"line":26,"column":34}},"type":"binary-expr","locations":[{"start":{"line":26,"column":6},"end":{"line":26,"column":11}},{"start":{"line":26,"column":15},"end":{"line":26,"column":21}},{"start":{"line":26,"column":25},"end":{"line":26,"column":34}}]},"3":{"loc":{"start":{"line":31,"column":2},"end":{"line":34,"column":3}},"type":"if","locations":[{"start":{"line":31,"column":2},"end":{"line":34,"column":3}}]},"4":{"loc":{"start":{"line":36,"column":2},"end":{"line":39,"column":3}},"type":"if","locations":[{"start":{"line":36,"column":2},"end":{"line":39,"column":3}}]},"5":{"loc":{"start":{"line":44,"column":4},"end":{"line":70,"column":5}},"type":"if","locations":[{"start":{"line":44,"column":4},"end":{"line":70,"column":5}}]},"6":{"loc":{"start":{"line":45,"column":6},"end":{"line":50,"column":7}},"type":"if","locations":[{"start":{"line":45,"column":6},"end":{"line":50,"column":7}}]},"7":{"loc":{"start":{"line":85,"column":4},"end":{"line":91,"column":5}},"type":"if","locations":[{"start":{"line":85,"column":4},"end":{"line":91,"column":5}}]},"8":{"loc":{"start":{"line":104,"column":2},"end":{"line":107,"column":3}},"type":"if","locations":[{"start":{"line":104,"column":2},"end":{"line":107,"column":3}}]},"9":{"loc":{"start":{"line":111,"column":2},"end":{"line":114,"column":3}},"type":"if","locations":[{"start":{"line":111,"column":2},"end":{"line":114,"column":3}}]},"10":{"loc":{"start":{"line":111,"column":6},"end":{"line":111,"column":25}},"type":"binary-expr","locations":[{"start":{"line":111,"column":6},"end":{"line":111,"column":12}},{"start":{"line":111,"column":16},"end":{"line":111,"column":25}}]},"11":{"loc":{"start":{"line":115,"column":19},"end":{"line":115,"column":54}},"type":"binary-expr","locations":[{"start":{"line":115,"column":19},"end":{"line":115,"column":23}},{"start":{"line":115,"column":27},"end":{"line":115,"column":54}}]},"12":{"loc":{"start":{"line":120,"column":4},"end":{"line":149,"column":5}},"type":"if","locations":[{"start":{"line":120,"column":4},"end":{"line":149,"column":5}}]},"13":{"loc":{"start":{"line":121,"column":6},"end":{"line":126,"column":7}},"type":"if","locations":[{"start":{"line":121,"column":6},"end":{"line":126,"column":7}}]},"14":{"loc":{"start":{"line":163,"column":4},"end":{"line":169,"column":5}},"type":"if","locations":[{"start":{"line":163,"column":4},"end":{"line":169,"column":5}}]}},"s":{"0":1,"1":1,"2":1,"3":1,"4":1,"5":1,"6":1,"7":1,"8":3,"9":0,"10":0,"11":3,"12":3,"13":0,"14":0,"15":3,"16":0,"17":0,"18":3,"19":0,"20":0,"21":3,"22":3,"23":3,"24":2,"25":1,"26":1,"27":1,"28":1,"29":1,"30":1,"31":1,"32":1,"33":1,"34":1,"35":1,"36":1,"37":1,"38":1,"39":1,"40":1,"41":1,"42":1,"43":1,"44":0,"45":0,"46":1,"47":1,"48":3,"49":0,"50":0,"51":3,"52":3,"53":1,"54":1,"55":2,"56":2,"57":2,"58":2,"59":1,"60":0,"61":0,"62":1,"63":1,"64":1,"65":1,"66":1,"67":1,"68":1,"69":1,"70":1,"71":1,"72":1,"73":1,"74":1,"75":1,"76":1,"77":1,"78":0,"79":0,"80":1},"f":{"0":3,"1":3},"b":{"0":[0],"1":[0],"2":[3,3,3],"3":[0],"4":[0],"5":[2],"6":[1],"7":[1],"8":[0],"9":[1],"10":[3,2],"11":[2,0],"12":[1],"13":[0],"14":[1]}}
,"C:\\Users\\SHOPINVERSE\\Desktop\\Projects\\DailyMoodTracker - 1\\daily-mood-backend\\src\\controllers\\auth\\verifyEmail.ts": {"path":"C:\\Users\\SHOPINVERSE\\Desktop\\Projects\\DailyMoodTracker - 1\\daily-mood-backend\\src\\controllers\\auth\\verifyEmail.ts","statementMap":{"0":{"start":{"line":2,"column":0},"end":{"line":2,"column":63}},"1":{"start":{"line":3,"column":0},"end":{"line":3,"column":37}},"2":{"start":{"line":4,"column":0},"end":{"line":4,"column":69}},"3":{"start":{"line":6,"column":33},"end":{"line":56,"column":1}},"4":{"start":{"line":10,"column":20},"end":{"line":10,"column":29}},"5":{"start":{"line":12,"column":2},"end":{"line":17,"column":3}},"6":{"start":{"line":13,"column":4},"end":{"line":15,"column":69}},"7":{"start":{"line":16,"column":4},"end":{"line":16,"column":11}},"8":{"start":{"line":19,"column":2},"end":{"line":55,"column":3}},"9":{"start":{"line":20,"column":26},"end":{"line":20,"column":68}},"10":{"start":{"line":22,"column":4},"end":{"line":27,"column":5}},"11":{"start":{"line":23,"column":6},"end":{"line":25,"column":71}},"12":{"start":{"line":26,"column":6},"end":{"line":26,"column":13}},"13":{"start":{"line":29,"column":17},"end":{"line":29,"column":58}},"14":{"start":{"line":30,"column":4},"end":{"line":33,"column":5}},"15":{"start":{"line":31,"column":6},"end":{"line":31,"column":74}},"16":{"start":{"line":32,"column":6},"end":{"line":32,"column":13}},"17":{"start":{"line":35,"column":4},"end":{"line":35,"column":27}},"18":{"start":{"line":36,"column":4},"end":{"line":36,"column":33}},"19":{"start":{"line":37,"column":4},"end":{"line":37,"column":22}},"20":{"start":{"line":39,"column":4},"end":{"line":39,"column":66}},"21":{"start":{"line":41,"column":4},"end":{"line":47,"column":5}},"22":{"start":{"line":42,"column":6},"end":{"line":46,"column":9}},"23":{"start":{"line":49,"column":4},"end":{"line":51,"column":71}},"24":{"start":{"line":53,"column":4},"end":{"line":53,"column":25}},"25":{"start":{"line":54,"column":4},"end":{"line":54,"column":79}},"26":{"start":{"line":6,"column":13},"end":{"line":6,"column":33}}},"fnMap":{"0":{"name":"(anonymous_1)","decl":{"start":{"line":6,"column":33},"end":{"line":6,"column":38}},"loc":{"start":{"line":9,"column":19},"end":{"line":56,"column":1}}}},"branchMap":{"0":{"loc":{"start":{"line":12,"column":2},"end":{"line":17,"column":3}},"type":"if","locations":[{"start":{"line":12,"column":2},"end":{"line":17,"column":3}}]},"1":{"loc":{"start":{"line":12,"column":6},"end":{"line":12,"column":41}},"type":"binary-expr","locations":[{"start":{"line":12,"column":6},"end":{"line":12,"column":12}},{"start":{"line":12,"column":16},"end":{"line":12,"column":41}}]},"2":{"loc":{"start":{"line":22,"column":4},"end":{"line":27,"column":5}},"type":"if","locations":[{"start":{"line":22,"column":4},"end":{"line":27,"column":5}}]},"3":{"loc":{"start":{"line":22,"column":8},"end":{"line":22,"column":62}},"type":"binary-expr","locations":[{"start":{"line":22,"column":8},"end":{"line":22,"column":22}},{"start":{"line":22,"column":26},"end":{"line":22,"column":62}}]},"4":{"loc":{"start":{"line":30,"column":4},"end":{"line":33,"column":5}},"type":"if","locations":[{"start":{"line":30,"column":4},"end":{"line":33,"column":5}}]},"5":{"loc":{"start":{"line":41,"column":4},"end":{"line":47,"column":5}},"type":"if","locations":[{"start":{"line":41,"column":4},"end":{"line":47,"column":5}}]}},"s":{"0":1,"1":1,"2":1,"3":1,"4":0,"5":0,"6":0,"7":0,"8":0,"9":0,"10":0,"11":0,"12":0,"13":0,"14":0,"15":0,"16":0,"17":0,"18":0,"19":0,"20":0,"21":0,"22":0,"23":0,"24":0,"25":0,"26":1},"f":{"0":0},"b":{"0":[0],"1":[0,0],"2":[0],"3":[0,0],"4":[0],"5":[0]}}
,"C:\\Users\\SHOPINVERSE\\Desktop\\Projects\\DailyMoodTracker - 1\\daily-mood-backend\\src\\middlewares\\events.ts": {"path":"C:\\Users\\SHOPINVERSE\\Desktop\\Projects\\DailyMoodTracker - 1\\daily-mood-backend\\src\\middlewares\\events.ts","statementMap":{"0":{"start":{"line":1,"column":0},"end":{"line":1,"column":34}},"1":{"start":{"line":4,"column":24},"end":{"line":17,"column":1}},"2":{"start":{"line":9,"column":19},"end":{"line":9,"column":66}},"3":{"start":{"line":10,"column":2},"end":{"line":14,"column":4}},"4":{"start":{"line":16,"column":2},"end":{"line":16,"column":9}},"5":{"start":{"line":4,"column":13},"end":{"line":4,"column":24}},"6":{"start":{"line":19,"column":26},"end":{"line":27,"column":1}},"7":{"start":{"line":25,"column":2},"end":{"line":25,"column":27}},"8":{"start":{"line":26,"column":2},"end":{"line":26,"column":36}},"9":{"start":{"line":19,"column":13},"end":{"line":19,"column":26}}},"fnMap":{"0":{"name":"(anonymous_0)","decl":{"start":{"line":4,"column":24},"end":{"line":4,"column":null}},"loc":{"start":{"line":8,"column":10},"end":{"line":17,"column":1}}},"1":{"name":"(anonymous_1)","decl":{"start":{"line":19,"column":26},"end":{"line":19,"column":null}},"loc":{"start":{"line":24,"column":10},"end":{"line":27,"column":1}}}},"branchMap":{},"s":{"0":1,"1":1,"2":6,"3":6,"4":6,"5":1,"6":1,"7":0,"8":0,"9":1},"f":{"0":6,"1":0},"b":{}}
,"C:\\Users\\SHOPINVERSE\\Desktop\\Projects\\DailyMoodTracker - 1\\daily-mood-backend\\src\\models\\User.ts": {"path":"C:\\Users\\SHOPINVERSE\\Desktop\\Projects\\DailyMoodTracker - 1\\daily-mood-backend\\src\\models\\User.ts","statementMap":{"0":{"start":{"line":1,"column":0},"end":{"line":1,"column":54}},"1":{"start":{"line":16,"column":19},"end":{"line":60,"column":null}},"2":{"start":{"line":63,"column":0},"end":{"line":64,"column":44}}},"fnMap":{},"branchMap":{"0":{"loc":{"start":{"line":63,"column":15},"end":{"line":64,"column":43}},"type":"binary-expr","locations":[{"start":{"line":63,"column":15},"end":{"line":63,"column":35}},{"start":{"line":64,"column":2},"end":{"line":64,"column":43}}]}},"s":{"0":1,"1":1,"2":1},"f":{},"b":{"0":[1,1]}}
,"C:\\Users\\SHOPINVERSE\\Desktop\\Projects\\DailyMoodTracker - 1\\daily-mood-backend\\src\\models\\VerificationToken.ts": {"path":"C:\\Users\\SHOPINVERSE\\Desktop\\Projects\\DailyMoodTracker - 1\\daily-mood-backend\\src\\models\\VerificationToken.ts","statementMap":{"0":{"start":{"line":1,"column":0},"end":{"line":1,"column":54}},"1":{"start":{"line":9,"column":32},"end":{"line":25,"column":2}},"2":{"start":{"line":23,"column":19},"end":{"line":23,"column":49}},"3":{"start":{"line":27,"column":0},"end":{"line":31,"column":4}}},"fnMap":{"0":{"name":"(anonymous_9)","decl":{"start":{"line":23,"column":13},"end":{"line":23,"column":16}},"loc":{"start":{"line":23,"column":19},"end":{"line":23,"column":49}}}},"branchMap":{"0":{"loc":{"start":{"line":27,"column":15},"end":{"line":30,"column":null}},"type":"binary-expr","locations":[{"start":{"line":27,"column":15},"end":{"line":27,"column":48}},{"start":{"line":28,"column":2},"end":{"line":30,"column":null}}]}},"s":{"0":1,"1":1,"2":0,"3":1},"f":{"0":0},"b":{"0":[1,1]}}
,"C:\\Users\\SHOPINVERSE\\Desktop\\Projects\\DailyMoodTracker - 1\\daily-mood-backend\\src\\routes\\auth.ts": {"path":"C:\\Users\\SHOPINVERSE\\Desktop\\Projects\\DailyMoodTracker - 1\\daily-mood-backend\\src\\routes\\auth.ts","statementMap":{"0":{"start":{"line":1,"column":0},"end":{"line":1,"column":30}},"1":{"start":{"line":3,"column":0},"end":{"line":3,"column":null}},"2":{"start":{"line":7,"column":0},"end":{"line":7,"column":68}},"3":{"start":{"line":8,"column":0},"end":{"line":8,"column":null}},"4":{"start":{"line":13,"column":19},"end":{"line":13,"column":35}},"5":{"start":{"line":15,"column":0},"end":{"line":15,"column":49}},"6":{"start":{"line":16,"column":0},"end":{"line":16,"column":71}},"7":{"start":{"line":18,"column":0},"end":{"line":18,"column":51}},"8":{"start":{"line":20,"column":0},"end":{"line":20,"column":43}},"9":{"start":{"line":21,"column":0},"end":{"line":21,"column":61}},"10":{"start":{"line":23,"column":0},"end":{"line":23,"column":26}}},"fnMap":{},"branchMap":{},"s":{"0":1,"1":1,"2":1,"3":1,"4":1,"5":1,"6":1,"7":1,"8":1,"9":1,"10":1},"f":{},"b":{}}
,"C:\\Users\\SHOPINVERSE\\Desktop\\Projects\\DailyMoodTracker - 1\\daily-mood-backend\\src\\utils\\capitalizeLetter.ts": {"path":"C:\\Users\\SHOPINVERSE\\Desktop\\Projects\\DailyMoodTracker - 1\\daily-mood-backend\\src\\utils\\capitalizeLetter.ts","statementMap":{"0":{"start":{"line":1,"column":37},"end":{"line":4,"column":1}},"1":{"start":{"line":2,"column":2},"end":{"line":2,"column":62}},"2":{"start":{"line":2,"column":51},"end":{"line":2,"column":62}},"3":{"start":{"line":3,"column":2},"end":{"line":3,"column":66}},"4":{"start":{"line":1,"column":13},"end":{"line":1,"column":37}}},"fnMap":{"0":{"name":"(anonymous_0)","decl":{"start":{"line":1,"column":37},"end":{"line":1,"column":38}},"loc":{"start":{"line":1,"column":61},"end":{"line":4,"column":1}}}},"branchMap":{"0":{"loc":{"start":{"line":2,"column":2},"end":{"line":2,"column":62}},"type":"if","locations":[{"start":{"line":2,"column":2},"end":{"line":2,"column":62}}]},"1":{"loc":{"start":{"line":2,"column":6},"end":{"line":2,"column":49}},"type":"binary-expr","locations":[{"start":{"line":2,"column":6},"end":{"line":2,"column":29}},{"start":{"line":2,"column":33},"end":{"line":2,"column":49}}]}},"s":{"0":1,"1":4,"2":0,"3":4,"4":1},"f":{"0":4},"b":{"0":[0],"1":[4,4]}}
,"C:\\Users\\SHOPINVERSE\\Desktop\\Projects\\DailyMoodTracker - 1\\daily-mood-backend\\src\\utils\\generateToken.ts": {"path":"C:\\Users\\SHOPINVERSE\\Desktop\\Projects\\DailyMoodTracker - 1\\daily-mood-backend\\src\\utils\\generateToken.ts","statementMap":{"0":{"start":{"line":1,"column":0},"end":{"line":1,"column":28}},"1":{"start":{"line":2,"column":0},"end":{"line":2,"column":60}},"2":{"start":{"line":4,"column":41},"end":{"line":16,"column":1}},"3":{"start":{"line":5,"column":16},"end":{"line":5,"column":54}},"4":{"start":{"line":7,"column":2},"end":{"line":7,"column":55}},"5":{"start":{"line":9,"column":2},"end":{"line":13,"column":5}},"6":{"start":{"line":15,"column":2},"end":{"line":15,"column":15}},"7":{"start":{"line":4,"column":13},"end":{"line":4,"column":41}}},"fnMap":{"0":{"name":"(anonymous_1)","decl":{"start":{"line":4,"column":41},"end":{"line":4,"column":46}},"loc":{"start":{"line":4,"column":66},"end":{"line":16,"column":1}}}},"branchMap":{},"s":{"0":1,"1":1,"2":1,"3":4,"4":4,"5":4,"6":4,"7":1},"f":{"0":4},"b":{}}
,"C:\\Users\\SHOPINVERSE\\Desktop\\Projects\\DailyMoodTracker - 1\\daily-mood-backend\\src\\utils\\pushNotifications.ts": {"path":"C:\\Users\\SHOPINVERSE\\Desktop\\Projects\\DailyMoodTracker - 1\\daily-mood-backend\\src\\utils\\pushNotifications.ts","statementMap":{"0":{"start":{"line":1,"column":0},"end":{"line":1,"column":39}},"1":{"start":{"line":4,"column":11},"end":{"line":7,"column":2}},"2":{"start":{"line":10,"column":36},"end":{"line":103,"column":1}},"3":{"start":{"line":23,"column":2},"end":{"line":25,"column":3}},"4":{"start":{"line":24,"column":4},"end":{"line":24,"column":48}},"5":{"start":{"line":27,"column":2},"end":{"line":29,"column":3}},"6":{"start":{"line":28,"column":4},"end":{"line":28,"column":49}},"7":{"start":{"line":31,"column":17},"end":{"line":31,"column":19}},"8":{"start":{"line":33,"column":2},"end":{"line":51,"column":3}},"9":{"start":{"line":35,"column":4},"end":{"line":38,"column":5}},"10":{"start":{"line":36,"column":6},"end":{"line":36,"column":78}},"11":{"start":{"line":37,"column":6},"end":{"line":37,"column":15}},"12":{"start":{"line":41,"column":4},"end":{"line":50,"column":7}},"13":{"start":{"line":54,"column":15},"end":{"line":54,"column":52}},"14":{"start":{"line":55,"column":23},"end":{"line":55,"column":25}},"15":{"start":{"line":57,"column":2},"end":{"line":67,"column":3}},"16":{"start":{"line":59,"column":4},"end":{"line":63,"column":5}},"17":{"start":{"line":60,"column":24},"end":{"line":60,"column":68}},"18":{"start":{"line":62,"column":6},"end":{"line":62,"column":35}},"19":{"start":{"line":65,"column":4},"end":{"line":65,"column":62}},"20":{"start":{"line":66,"column":4},"end":{"line":66,"column":57}},"21":{"start":{"line":70,"column":19},"end":{"line":72,"column":31}},"22":{"start":{"line":71,"column":24},"end":{"line":71,"column":46}},"23":{"start":{"line":72,"column":21},"end":{"line":72,"column":30}},"24":{"start":{"line":75,"column":24},"end":{"line":75,"column":72}},"25":{"start":{"line":77,"column":2},"end":{"line":96,"column":3}},"26":{"start":{"line":79,"column":4},"end":{"line":92,"column":5}},"27":{"start":{"line":80,"column":21},"end":{"line":80,"column":71}},"28":{"start":{"line":83,"column":6},"end":{"line":91,"column":7}},"29":{"start":{"line":84,"column":36},"end":{"line":84,"column":55}},"30":{"start":{"line":85,"column":8},"end":{"line":85,"column":38}},"31":{"start":{"line":85,"column":29},"end":{"line":85,"column":38}},"32":{"start":{"line":88,"column":8},"end":{"line":90,"column":9}},"33":{"start":{"line":89,"column":10},"end":{"line":89,"column":56}},"34":{"start":{"line":94,"column":4},"end":{"line":94,"column":55}},"35":{"start":{"line":95,"column":4},"end":{"line":95,"column":50}},"36":{"start":{"line":99,"column":2},"end":{"line":102,"column":4}},"37":{"start":{"line":10,"column":13},"end":{"line":10,"column":36}}},"fnMap":{"0":{"name":"(anonymous_0)","decl":{"start":{"line":10,"column":36},"end":{"line":10,"column":41}},"loc":{"start":{"line":22,"column":19},"end":{"line":103,"column":1}}},"1":{"name":"(anonymous_1)","decl":{"start":{"line":71,"column":12},"end":{"line":71,"column":13}},"loc":{"start":{"line":71,"column":24},"end":{"line":71,"column":46}}},"2":{"name":"(anonymous_2)","decl":{"start":{"line":72,"column":9},"end":{"line":72,"column":10}},"loc":{"start":{"line":72,"column":21},"end":{"line":72,"column":30}}}},"branchMap":{"0":{"loc":{"start":{"line":13,"column":2},"end":{"line":13,"column":11}},"type":"default-arg","locations":[{"start":{"line":13,"column":9},"end":{"line":13,"column":11}}]},"1":{"loc":{"start":{"line":14,"column":2},"end":{"line":14,"column":12}},"type":"default-arg","locations":[{"start":{"line":14,"column":10},"end":{"line":14,"column":12}}]},"2":{"loc":{"start":{"line":15,"column":2},"end":{"line":15,"column":15}},"type":"default-arg","locations":[{"start":{"line":15,"column":13},"end":{"line":15,"column":15}}]},"3":{"loc":{"start":{"line":23,"column":2},"end":{"line":25,"column":3}},"type":"if","locations":[{"start":{"line":23,"column":2},"end":{"line":25,"column":3}}]},"4":{"loc":{"start":{"line":23,"column":6},"end":{"line":23,"column":44}},"type":"binary-expr","locations":[{"start":{"line":23,"column":6},"end":{"line":23,"column":17}},{"start":{"line":23,"column":21},"end":{"line":23,"column":44}}]},"5":{"loc":{"start":{"line":27,"column":2},"end":{"line":29,"column":3}},"type":"if","locations":[{"start":{"line":27,"column":2},"end":{"line":29,"column":3}}]},"6":{"loc":{"start":{"line":35,"column":4},"end":{"line":38,"column":5}},"type":"if","locations":[{"start":{"line":35,"column":4},"end":{"line":38,"column":5}}]},"7":{"loc":{"start":{"line":85,"column":8},"end":{"line":85,"column":38}},"type":"if","locations":[{"start":{"line":85,"column":8},"end":{"line":85,"column":38}}]},"8":{"loc":{"start":{"line":88,"column":8},"end":{"line":90,"column":9}},"type":"if","locations":[{"start":{"line":88,"column":8},"end":{"line":90,"column":9}}]},"9":{"loc":{"start":{"line":88,"column":12},"end":{"line":88,"column":36}},"type":"binary-expr","locations":[{"start":{"line":88,"column":12},"end":{"line":88,"column":19}},{"start":{"line":88,"column":23},"end":{"line":88,"column":36}}]}},"s":{"0":2,"1":2,"2":2,"3":10,"4":2,"5":8,"6":2,"7":6,"8":6,"9":6,"10":2,"11":2,"12":4,"13":6,"14":6,"15":6,"16":6,"17":6,"18":6,"19":0,"20":0,"21":6,"22":4,"23":4,"24":6,"25":6,"26":6,"27":6,"28":6,"29":4,"30":4,"31":4,"32":0,"33":0,"34":0,"35":0,"36":6,"37":2},"f":{"0":10,"1":4,"2":4},"b":{"0":[10],"1":[2],"2":[10],"3":[2],"4":[10,10],"5":[2],"6":[2],"7":[4],"8":[0],"9":[0,0]}}
,"C:\\Users\\SHOPINVERSE\\Desktop\\Projects\\DailyMoodTracker - 1\\daily-mood-backend\\src\\utils\\regex.ts": {"path":"C:\\Users\\SHOPINVERSE\\Desktop\\Projects\\DailyMoodTracker - 1\\daily-mood-backend\\src\\utils\\regex.ts","statementMap":{"0":{"start":{"line":1,"column":31},"end":{"line":5,"column":1}},"1":{"start":{"line":3,"column":4},"end":{"line":3,"column":91}},"2":{"start":{"line":4,"column":2},"end":{"line":4,"column":38}},"3":{"start":{"line":1,"column":13},"end":{"line":1,"column":31}},"4":{"start":{"line":7,"column":28},"end":{"line":10,"column":1}},"5":{"start":{"line":8,"column":21},"end":{"line":8,"column":71}},"6":{"start":{"line":9,"column":2},"end":{"line":9,"column":32}},"7":{"start":{"line":7,"column":13},"end":{"line":7,"column":28}},"8":{"start":{"line":12,"column":36},"end":{"line":14,"column":1}},"9":{"start":{"line":13,"column":2},"end":{"line":13,"column":29}},"10":{"start":{"line":12,"column":13},"end":{"line":12,"column":36}}},"fnMap":{"0":{"name":"(anonymous_0)","decl":{"start":{"line":1,"column":31},"end":{"line":1,"column":32}},"loc":{"start":{"line":1,"column":61},"end":{"line":5,"column":1}}},"1":{"name":"(anonymous_1)","decl":{"start":{"line":7,"column":28},"end":{"line":7,"column":29}},"loc":{"start":{"line":7,"column":55},"end":{"line":10,"column":1}}},"2":{"name":"(anonymous_2)","decl":{"start":{"line":12,"column":36},"end":{"line":12,"column":37}},"loc":{"start":{"line":12,"column":62},"end":{"line":14,"column":1}}}},"branchMap":{},"s":{"0":1,"1":3,"2":3,"3":1,"4":1,"5":3,"6":3,"7":1,"8":1,"9":0,"10":1},"f":{"0":3,"1":3,"2":0},"b":{}}
,"C:\\Users\\SHOPINVERSE\\Desktop\\Projects\\DailyMoodTracker - 1\\daily-mood-backend\\src\\utils\\email\\sendVerification.ts": {"path":"C:\\Users\\SHOPINVERSE\\Desktop\\Projects\\DailyMoodTracker - 1\\daily-mood-backend\\src\\utils\\email\\sendVerification.ts","statementMap":{"0":{"start":{"line":1,"column":0},"end":{"line":1,"column":40}},"1":{"start":{"line":3,"column":37},"end":{"line":82,"column":1}},"2":{"start":{"line":8,"column":2},"end":{"line":8,"column":46}},"3":{"start":{"line":8,"column":39},"end":{"line":8,"column":46}},"4":{"start":{"line":10,"column":14},"end":{"line":10,"column":75}},"5":{"start":{"line":12,"column":2},"end":{"line":81,"column":5}},"6":{"start":{"line":3,"column":13},"end":{"line":3,"column":37}}},"fnMap":{"0":{"name":"(anonymous_1)","decl":{"start":{"line":3,"column":37},"end":{"line":3,"column":42}},"loc":{"start":{"line":7,"column":4},"end":{"line":82,"column":1}}}},"branchMap":{"0":{"loc":{"start":{"line":8,"column":2},"end":{"line":8,"column":46}},"type":"if","locations":[{"start":{"line":8,"column":2},"end":{"line":8,"column":46}}]}},"s":{"0":1,"1":1,"2":4,"3":4,"4":0,"5":0,"6":1},"f":{"0":4},"b":{"0":[4]}}
,"C:\\Users\\SHOPINVERSE\\Desktop\\Projects\\DailyMoodTracker - 1\\daily-mood-backend\\src\\utils\\email\\transporter.ts": {"path":"C:\\Users\\SHOPINVERSE\\Desktop\\Projects\\DailyMoodTracker - 1\\daily-mood-backend\\src\\utils\\email\\transporter.ts","statementMap":{"0":{"start":{"line":1,"column":0},"end":{"line":1,"column":53}},"1":{"start":{"line":2,"column":0},"end":{"line":2,"column":28}},"2":{"start":{"line":4,"column":0},"end":{"line":4,"column":16}},"3":{"start":{"line":6,"column":13},"end":{"line":6,"column":35}},"4":{"start":{"line":7,"column":13},"end":{"line":7,"column":35}},"5":{"start":{"line":9,"column":33},"end":{"line":15,"column":2}},"6":{"start":{"line":17,"column":0},"end":{"line":17,"column":27}}},"fnMap":{},"branchMap":{},"s":{"0":1,"1":1,"2":1,"3":1,"4":1,"5":1,"6":1},"f":{},"b":{}}
}
