TN:
SF:src\controllers\auth\login.ts
FN:11,(anonymous_1)
FN:85,(anonymous_2)
FNF:2
FNH:0
FNDA:0,(anonymous_1)
FNDA:0,(anonymous_2)
DA:1,1
DA:3,1
DA:4,1
DA:6,1
DA:7,1
DA:9,1
DA:11,1
DA:12,0
DA:14,0
DA:15,0
DA:18,0
DA:21,0
DA:22,0
DA:24,0
DA:25,0
DA:26,0
DA:29,0
DA:30,0
DA:31,0
DA:34,0
DA:35,0
DA:36,0
DA:39,0
DA:40,0
DA:41,0
DA:44,0
DA:46,0
DA:47,0
DA:48,0
DA:51,0
DA:55,0
DA:56,0
DA:58,0
DA:62,0
DA:69,0
DA:70,0
DA:71,0
DA:74,0
DA:80,0
DA:81,0
DA:85,1
DA:86,0
DA:88,0
DA:89,0
DA:90,0
DA:93,0
DA:94,0
DA:99,0
DA:100,0
DA:101,0
DA:102,0
DA:105,0
DA:107,0
DA:109,0
DA:110,0
DA:113,0
DA:116,0
DA:117,0
DA:118,0
DA:121,0
DA:125,0
DA:126,0
DA:128,0
DA:132,0
DA:139,0
DA:140,0
DA:141,0
DA:144,0
DA:150,0
DA:151,0
LF:70
LH:8
BRDA:14,0,0,0
BRDA:14,1,0,0
BRDA:14,1,1,0
BRDA:24,2,0,0
BRDA:29,3,0,0
BRDA:34,4,0,0
BRDA:39,5,0,0
BRDA:46,6,0,0
BRDA:55,7,0,0
BRDA:55,8,0,0
BRDA:55,8,1,0
BRDA:69,9,0,0
BRDA:69,10,0,0
BRDA:69,10,1,0
BRDA:88,11,0,0
BRDA:100,12,0,0
BRDA:109,13,0,0
BRDA:116,14,0,0
BRDA:125,15,0,0
BRDA:125,16,0,0
BRDA:125,16,1,0
BRDA:139,17,0,0
BRDA:139,18,0,0
BRDA:139,18,1,0
BRF:24
BRH:0
end_of_record
TN:
SF:src\controllers\auth\register.ts
FN:15,(anonymous_1)
FN:100,(anonymous_2)
FNF:2
FNH:2
FNDA:3,(anonymous_1)
FNDA:3,(anonymous_2)
DA:1,1
DA:4,1
DA:5,1
DA:6,1
DA:7,1
DA:12,1
DA:13,1
DA:15,1
DA:19,3
DA:20,0
DA:21,0
DA:24,3
DA:26,3
DA:27,0
DA:28,0
DA:31,3
DA:32,0
DA:33,0
DA:36,3
DA:37,0
DA:38,0
DA:41,3
DA:42,3
DA:44,3
DA:45,2
DA:46,1
DA:49,1
DA:53,1
DA:54,1
DA:55,1
DA:56,1
DA:57,1
DA:58,1
DA:61,1
DA:64,1
DA:66,1
DA:69,1
DA:73,1
DA:75,1
DA:83,1
DA:84,1
DA:85,1
DA:86,1
DA:93,1
DA:95,0
DA:96,0
DA:100,1
DA:104,3
DA:105,0
DA:106,0
DA:109,3
DA:111,3
DA:112,1
DA:113,1
DA:115,2
DA:117,2
DA:118,2
DA:120,2
DA:121,1
DA:122,0
DA:125,0
DA:128,1
DA:129,1
DA:130,1
DA:131,1
DA:132,1
DA:133,1
DA:136,1
DA:139,1
DA:145,1
DA:148,1
DA:151,1
DA:160,1
DA:161,1
DA:163,1
DA:164,1
DA:171,1
DA:173,0
DA:174,0
LF:79
LH:63
BRDA:19,0,0,0
BRDA:26,1,0,0
BRDA:26,2,0,3
BRDA:26,2,1,3
BRDA:26,2,2,3
BRDA:31,3,0,0
BRDA:36,4,0,0
BRDA:44,5,0,2
BRDA:45,6,0,1
BRDA:85,7,0,1
BRDA:104,8,0,0
BRDA:111,9,0,1
BRDA:111,10,0,3
BRDA:111,10,1,2
BRDA:115,11,0,2
BRDA:115,11,1,0
BRDA:120,12,0,1
BRDA:121,13,0,0
BRDA:163,14,0,1
BRF:19
BRH:12
end_of_record
TN:
SF:src\controllers\auth\verifyEmail.ts
FN:6,(anonymous_1)
FNF:1
FNH:0
FNDA:0,(anonymous_1)
DA:2,1
DA:3,1
DA:4,1
DA:6,1
DA:10,0
DA:12,0
DA:13,0
DA:16,0
DA:19,0
DA:20,0
DA:22,0
DA:23,0
DA:26,0
DA:29,0
DA:30,0
DA:31,0
DA:32,0
DA:35,0
DA:36,0
DA:37,0
DA:39,0
DA:41,0
DA:42,0
DA:49,0
DA:53,0
DA:54,0
LF:26
LH:4
BRDA:12,0,0,0
BRDA:12,1,0,0
BRDA:12,1,1,0
BRDA:22,2,0,0
BRDA:22,3,0,0
BRDA:22,3,1,0
BRDA:30,4,0,0
BRDA:41,5,0,0
BRF:8
BRH:0
end_of_record
TN:
SF:src\middlewares\events.ts
FN:4,(anonymous_0)
FN:19,(anonymous_1)
FNF:2
FNH:1
FNDA:6,(anonymous_0)
FNDA:0,(anonymous_1)
DA:1,1
DA:4,1
DA:9,6
DA:10,6
DA:16,6
DA:19,1
DA:25,0
DA:26,0
LF:8
LH:6
BRF:0
BRH:0
end_of_record
TN:
SF:src\models\User.ts
FNF:0
FNH:0
DA:1,1
DA:16,1
DA:63,1
LF:3
LH:3
BRDA:63,0,0,1
BRDA:63,0,1,1
BRF:2
BRH:2
end_of_record
TN:
SF:src\models\VerificationToken.ts
FN:23,(anonymous_9)
FNF:1
FNH:0
FNDA:0,(anonymous_9)
DA:1,1
DA:9,1
DA:23,0
DA:27,1
LF:4
LH:3
BRDA:27,0,0,1
BRDA:27,0,1,1
BRF:2
BRH:2
end_of_record
TN:
SF:src\routes\auth.ts
FNF:0
FNH:0
DA:1,1
DA:3,1
DA:7,1
DA:8,1
DA:13,1
DA:15,1
DA:16,1
DA:18,1
DA:20,1
DA:21,1
DA:23,1
LF:11
LH:11
BRF:0
BRH:0
end_of_record
TN:
SF:src\utils\capitalizeLetter.ts
FN:1,(anonymous_0)
FNF:1
FNH:1
FNDA:4,(anonymous_0)
DA:1,1
DA:2,4
DA:3,4
LF:3
LH:3
BRDA:2,0,0,0
BRDA:2,1,0,4
BRDA:2,1,1,4
BRF:3
BRH:2
end_of_record
TN:
SF:src\utils\generateToken.ts
FN:4,(anonymous_1)
FNF:1
FNH:1
FNDA:4,(anonymous_1)
DA:1,1
DA:2,1
DA:4,1
DA:5,4
DA:7,4
DA:9,4
DA:15,4
LF:7
LH:7
BRF:0
BRH:0
end_of_record
TN:
SF:src\utils\pushNotifications.ts
FN:10,(anonymous_0)
FN:71,(anonymous_1)
FN:72,(anonymous_2)
FNF:3
FNH:3
FNDA:10,(anonymous_0)
FNDA:4,(anonymous_1)
FNDA:4,(anonymous_2)
DA:1,2
DA:4,2
DA:10,2
DA:23,10
DA:24,2
DA:27,8
DA:28,2
DA:31,6
DA:33,6
DA:35,6
DA:36,2
DA:37,2
DA:41,4
DA:54,6
DA:55,6
DA:57,6
DA:59,6
DA:60,6
DA:62,6
DA:65,0
DA:66,0
DA:70,6
DA:71,4
DA:72,4
DA:75,6
DA:77,6
DA:79,6
DA:80,6
DA:83,6
DA:84,4
DA:85,4
DA:88,0
DA:89,0
DA:94,0
DA:95,0
DA:99,6
LF:36
LH:30
BRDA:13,0,0,10
BRDA:14,1,0,2
BRDA:15,2,0,10
BRDA:23,3,0,2
BRDA:23,4,0,10
BRDA:23,4,1,10
BRDA:27,5,0,2
BRDA:35,6,0,2
BRDA:85,7,0,4
BRDA:88,8,0,0
BRDA:88,9,0,0
BRDA:88,9,1,0
BRF:12
BRH:9
end_of_record
TN:
SF:src\utils\regex.ts
FN:1,(anonymous_0)
FN:7,(anonymous_1)
FN:12,(anonymous_2)
FNF:3
FNH:2
FNDA:3,(anonymous_0)
FNDA:3,(anonymous_1)
FNDA:0,(anonymous_2)
DA:1,1
DA:3,3
DA:4,3
DA:7,1
DA:8,3
DA:9,3
DA:12,1
DA:13,0
LF:8
LH:7
BRF:0
BRH:0
end_of_record
TN:
SF:src\utils\email\sendVerification.ts
FN:3,(anonymous_1)
FNF:1
FNH:1
FNDA:12,(anonymous_1)
DA:1,2
DA:3,2
DA:8,12
DA:9,6
DA:12,6
DA:14,6
LF:6
LH:6
BRDA:8,0,0,6
BRDA:8,1,0,12
BRDA:8,1,1,10
BRDA:8,1,2,8
BRF:4
BRH:4
end_of_record
TN:
SF:src\utils\email\transporter.ts
FNF:0
FNH:0
DA:1,1
DA:2,1
DA:4,1
DA:6,1
DA:7,1
DA:9,1
DA:17,1
LF:7
LH:7
BRF:0
BRH:0
end_of_record
