TN:
SF:src\controllers\auth\login.ts
FN:11,(anonymous_1)
FN:85,(anonymous_2)
FNF:2
FNH:2
FNDA:10,(anonymous_1)
FNDA:6,(anonymous_2)
DA:1,3
DA:3,3
DA:4,3
DA:6,3
DA:7,3
DA:9,3
DA:11,3
DA:12,10
DA:14,10
DA:15,1
DA:18,1
DA:21,9
DA:22,9
DA:24,8
DA:25,1
DA:26,1
DA:29,7
DA:30,1
DA:31,1
DA:34,6
DA:35,1
DA:36,1
DA:39,5
DA:40,1
DA:41,1
DA:44,4
DA:46,4
DA:47,1
DA:48,1
DA:51,3
DA:55,3
DA:56,2
DA:58,2
DA:62,2
DA:69,3
DA:70,1
DA:71,1
DA:74,3
DA:80,1
DA:81,1
DA:85,3
DA:86,6
DA:88,6
DA:89,1
DA:90,1
DA:93,5
DA:94,5
DA:99,5
DA:100,5
DA:101,1
DA:102,1
DA:105,4
DA:107,4
DA:109,3
DA:110,1
DA:113,1
DA:116,2
DA:117,1
DA:118,1
DA:121,1
DA:125,1
DA:126,1
DA:128,1
DA:132,1
DA:139,1
DA:140,1
DA:141,1
DA:144,1
DA:150,1
DA:151,1
LF:70
LH:70
BRDA:14,0,0,1
BRDA:14,1,0,10
BRDA:14,1,1,9
BRDA:24,2,0,1
BRDA:29,3,0,1
BRDA:34,4,0,1
BRDA:39,5,0,1
BRDA:46,6,0,1
BRDA:55,7,0,2
BRDA:55,8,0,3
BRDA:55,8,1,3
BRDA:69,9,0,1
BRDA:69,10,0,3
BRDA:69,10,1,2
BRDA:88,11,0,1
BRDA:100,12,0,1
BRDA:109,13,0,1
BRDA:116,14,0,1
BRDA:125,15,0,1
BRDA:125,16,0,1
BRDA:125,16,1,1
BRDA:139,17,0,1
BRDA:139,18,0,1
BRDA:139,18,1,1
BRF:24
BRH:24
end_of_record
TN:
SF:src\controllers\auth\register.ts
FN:15,(anonymous_1)
FN:100,(anonymous_2)
FNF:2
FNH:2
FNDA:9,(anonymous_1)
FNDA:7,(anonymous_2)
DA:1,3
DA:4,3
DA:5,3
DA:6,3
DA:7,3
DA:12,3
DA:13,3
DA:15,3
DA:19,9
DA:20,1
DA:21,1
DA:24,8
DA:26,8
DA:27,1
DA:28,1
DA:31,7
DA:32,1
DA:33,1
DA:36,6
DA:37,1
DA:38,1
DA:41,5
DA:42,5
DA:44,5
DA:45,2
DA:46,1
DA:49,1
DA:53,1
DA:54,1
DA:55,1
DA:56,1
DA:57,1
DA:58,1
DA:61,1
DA:64,1
DA:66,1
DA:69,1
DA:73,3
DA:75,3
DA:83,2
DA:84,2
DA:85,2
DA:86,1
DA:93,2
DA:95,1
DA:96,1
DA:100,3
DA:104,7
DA:105,1
DA:106,1
DA:109,6
DA:111,6
DA:112,1
DA:113,1
DA:115,5
DA:117,5
DA:118,5
DA:120,5
DA:121,2
DA:122,1
DA:125,1
DA:128,1
DA:129,1
DA:130,1
DA:131,1
DA:132,1
DA:133,1
DA:136,1
DA:139,1
DA:145,1
DA:148,1
DA:151,3
DA:160,2
DA:161,2
DA:163,2
DA:164,2
DA:171,2
DA:173,1
DA:174,1
LF:79
LH:79
BRDA:19,0,0,1
BRDA:26,1,0,1
BRDA:26,2,0,8
BRDA:26,2,1,7
BRDA:26,2,2,7
BRDA:31,3,0,1
BRDA:36,4,0,1
BRDA:44,5,0,2
BRDA:45,6,0,1
BRDA:85,7,0,1
BRDA:104,8,0,1
BRDA:111,9,0,1
BRDA:111,10,0,6
BRDA:111,10,1,5
BRDA:115,11,0,5
BRDA:115,11,1,1
BRDA:120,12,0,2
BRDA:121,13,0,1
BRDA:163,14,0,2
BRF:19
BRH:19
end_of_record
TN:
SF:src\controllers\auth\verifyEmail.ts
FN:6,(anonymous_1)
FNF:1
FNH:0
FNDA:0,(anonymous_1)
DA:2,3
DA:3,3
DA:4,3
DA:6,3
DA:10,0
DA:12,0
DA:13,0
DA:16,0
DA:19,0
DA:20,0
DA:22,0
DA:23,0
DA:26,0
DA:29,0
DA:30,0
DA:31,0
DA:32,0
DA:35,0
DA:36,0
DA:37,0
DA:39,0
DA:41,0
DA:42,0
DA:49,0
DA:53,0
DA:54,0
LF:26
LH:4
BRDA:12,0,0,0
BRDA:12,1,0,0
BRDA:12,1,1,0
BRDA:22,2,0,0
BRDA:22,3,0,0
BRDA:22,3,1,0
BRDA:30,4,0,0
BRDA:41,5,0,0
BRF:8
BRH:0
end_of_record
TN:
SF:src\middlewares\events.ts
FN:4,(anonymous_0)
FN:19,(anonymous_1)
FNF:2
FNH:1
FNDA:32,(anonymous_0)
FNDA:0,(anonymous_1)
DA:1,3
DA:4,3
DA:9,32
DA:10,32
DA:16,32
DA:19,3
DA:25,0
DA:26,0
LF:8
LH:6
BRF:0
BRH:0
end_of_record
TN:
SF:src\models\User.ts
FNF:0
FNH:0
DA:1,3
DA:16,3
DA:63,3
LF:3
LH:3
BRDA:63,0,0,3
BRDA:63,0,1,3
BRF:2
BRH:2
end_of_record
TN:
SF:src\models\VerificationToken.ts
FN:23,(anonymous_9)
FNF:1
FNH:0
FNDA:0,(anonymous_9)
DA:1,3
DA:9,3
DA:23,0
DA:27,3
LF:4
LH:3
BRDA:27,0,0,3
BRDA:27,0,1,3
BRF:2
BRH:2
end_of_record
TN:
SF:src\routes\auth.ts
FNF:0
FNH:0
DA:1,3
DA:3,3
DA:7,3
DA:8,3
DA:13,3
DA:15,3
DA:16,3
DA:18,3
DA:20,3
DA:21,3
DA:23,3
LF:11
LH:11
BRF:0
BRH:0
end_of_record
TN:
SF:src\utils\capitalizeLetter.ts
FN:1,(anonymous_0)
FNF:1
FNH:1
FNDA:6,(anonymous_0)
DA:1,3
DA:2,6
DA:3,6
LF:3
LH:3
BRDA:2,0,0,0
BRDA:2,1,0,6
BRDA:2,1,1,6
BRF:3
BRH:2
end_of_record
TN:
SF:src\utils\generateToken.ts
FN:4,(anonymous_1)
FNF:1
FNH:1
FNDA:6,(anonymous_1)
DA:1,3
DA:2,3
DA:4,3
DA:5,6
DA:7,6
DA:9,6
DA:15,6
LF:7
LH:7
BRF:0
BRH:0
end_of_record
TN:
SF:src\utils\pushNotifications.ts
FN:10,(anonymous_0)
FN:71,(anonymous_1)
FN:72,(anonymous_2)
FNF:3
FNH:3
FNDA:7,(anonymous_0)
FNDA:3,(anonymous_1)
FNDA:3,(anonymous_2)
DA:1,2
DA:4,2
DA:10,2
DA:23,7
DA:24,1
DA:27,6
DA:28,1
DA:31,5
DA:33,5
DA:35,5
DA:36,1
DA:37,1
DA:41,4
DA:54,5
DA:55,5
DA:57,5
DA:59,5
DA:60,5
DA:62,4
DA:65,1
DA:66,1
DA:70,4
DA:71,3
DA:72,3
DA:75,4
DA:77,4
DA:79,4
DA:80,4
DA:83,3
DA:84,2
DA:85,2
DA:88,1
DA:89,1
DA:94,1
DA:95,1
DA:99,3
LF:36
LH:36
BRDA:13,0,0,7
BRDA:14,1,0,6
BRDA:15,2,0,7
BRDA:23,3,0,1
BRDA:23,4,0,7
BRDA:23,4,1,7
BRDA:27,5,0,1
BRDA:35,6,0,1
BRDA:85,7,0,1
BRDA:88,8,0,1
BRDA:88,9,0,1
BRDA:88,9,1,1
BRF:12
BRH:12
end_of_record
TN:
SF:src\utils\regex.ts
FN:1,(anonymous_0)
FN:7,(anonymous_1)
FN:12,(anonymous_2)
FNF:3
FNH:3
FNDA:8,(anonymous_0)
FNDA:9,(anonymous_1)
FNDA:2,(anonymous_2)
DA:1,4
DA:3,8
DA:4,8
DA:7,4
DA:8,9
DA:9,9
DA:12,4
DA:13,2
LF:8
LH:8
BRF:0
BRH:0
end_of_record
TN:
SF:src\utils\email\sendVerification.ts
FN:3,(anonymous_1)
FNF:1
FNH:1
FNDA:14,(anonymous_1)
DA:1,4
DA:3,4
DA:8,14
DA:9,6
DA:12,8
DA:14,8
LF:6
LH:6
BRDA:8,0,0,6
BRDA:8,1,0,14
BRDA:8,1,1,12
BRDA:8,1,2,10
BRF:4
BRH:4
end_of_record
TN:
SF:src\utils\email\transporter.ts
FNF:0
FNH:0
DA:1,1
DA:2,1
DA:4,1
DA:6,1
DA:7,1
DA:9,1
DA:17,1
LF:7
LH:7
BRF:0
BRH:0
end_of_record
